                         4 .list
                         5 /*	 sample program sub.s               */
                         6 /*     間違った箇所が3つあります    */
                         7 /*     正しくプログラムが動くように修正せよ */
                         8 
                         9 .section .text
                        10 start:	
000400 33FC 0009        11 	move.w	#9,x	/* x番地に9を格納 */
       0000 0000        11 
000408 33FC 0004        12 	move.w	#4,y	/* y番地に4を格納 */
       0000 0000        12 
000410 3039 0000        13 	move.w	x, %d0  /* c番地の値をレジス夕d0に格納 */
       0000             13 
000416 9079 0000        14 	sub.w	y, %d0  /* y番地の値をレジスタd0から引く */
       0000             14 
00041c 33C0 0000        15 	move.w	%d0,z	/* レジスタd0の値をz番地に格納 */  
       0000             15 
000422 4E72 2700        16 	stop	#0x2700	/* 終了 */
                        17 
                        18 .section .data
000428 0000             19 x:	.ds.w   1	
00042a 0000             20 y:	.ds.w   1
00042c 0000             21 z:	.ds.w	1
                        22 
                        23 .end
