                         4 .list
                         5 /* sample program fact.s 階乗  d1 := d0 ! (d0 >= 0)*/
                         6 .section .text
                         7 start:
000400 4280              8 	clr.l  %d0 /* d0初期化 */
000402 4282              9 	clr.l  %d2 /* d2初期化 */
                        10 loop:
000404 D082             11 	add.l %d2, %d0 /* d2をd0に */
000406 0C41 0000        12 	cmp   #0, %d1
00040a 6700 001A        13 	beq   end_of_program /* d1がゼロなら終了 */
00040e 3401             14 	move  %d1, %d2 /* d2乗算一時保存 */
000410 3601             15 	move  %d1, %d3 /* d3べき乗のカウンター */
000412 5343             16 	subq  #1,  %d3
                        17 power:
000414 C4C1             18 	mulu   %d1, %d2
000416 0C43 0000        19 	cmp    #0, %d3
00041a 6700 FFE8        20 	beq    loop
00041e 0443 0001        21 	subi   #1, %d3
000422 6000 FFF0        22 	bra    power		
                        23 
                        24 
                        25 end_of_program:
000426 4E72 2700        26 	stop      #0x2700 /* 終了*/
