                         4 .list
                         5 ***************************************************************
                         6 ** 各種レジスタ定義
                         7 ***************************************************************
                         8 
                         9 ***************
                        10 ** レジスタ群の先頭
                        11 ***************
                        12 .equ REGBASE, 0xFFF000  | DMAP を使用.
                        13 .equ IOBASE,  0x00d00000
                        14 
                        15 ***************
                        16 ** 割り込み関係のレジスタ
                        17 ***************
                        18 .equ IVR,     REGBASE+0x300 | 割り込みベクタレジスタ
                        19 .equ IMR,     REGBASE+0x304 | 割り込みマスクレジスタ
                        20 .equ ISR,     REGBASE+0x30c | 割り込みステータスレジスタ
                        21 .equ IPR,     REGBASE+0x310 | 割り込みペンディングレジスタ
                        22 
                        23 
                        24 ***************
                        25 ** タイマ関係のレジスタ
                        26 ***************
                        27 .equ TCTL1,   REGBASE+0x600 | タイマ1コントロールレジスタ
                        28 .equ TPRER1,  REGBASE+0x602 | タイマ1プリスケーラレジスタ
                        29 .equ TCMP1,   REGBASE+0x604 | タイマ1コンペアレジスタ
                        30 .equ TCN1,    REGBASE+0x608 | タイマ1カウンタレジスタ
                        31 .equ TSTAT1,  REGBASE+0x60a | タイマ1ステータスレジスタ
                        32 ***************
                        33 ** UART1 (送受信)関係のレジスタ
                        34 ***************
                        35 .equ USTCNT1, REGBASE+0x900 | UART1 ステータス / コントロールレジスタ
                        36 .equ UBAUD1,  REGBASE+0x902 | UART1 ボーコントロールレジスタ
                        37 .equ URX1,    REGBASE+0x904 | UART1 受信レジスタ
                        38 .equ UTX1,    REGBASE+0x906 | UART1 送信レジスタ
                        39 ***************
                        40 ** LED
                        41 ***************
                        42 .equ LED7,  IOBASE+0x000002f | ボード搭載のLED用レジスタ
                        43 .equ LED6,  IOBASE+0x000002d | 使用法については付録 A.4.3.1
                        44 .equ LED5,  IOBASE+0x000002b
                        45 .equ LED4,  IOBASE+0x0000029
                        46 .equ LED3,  IOBASE+0x000003f
                        47 .equ LED2,  IOBASE+0x000003d
                        48 .equ LED1,  IOBASE+0x000003b
                        49 .equ LED0,  IOBASE+0x0000039
                        50 
                        51 **************
                        52 **システムコール番号
                        53 **************
                        54 .equ SYSCALL_NUM_GETSTRING,    1
                        55 .equ SYSCALL_NUM_PUTSTRING,    2
                        56 .equ SYSCALL_NUM_RESET_TIMER,  3
                        57 .equ SYSCALL_NUM_SET_TIMER,    4
                        58 
                        59 ***************************************************************
                        60 ** 初期化
                        61 ***************************************************************
                        62 .section .text
                        63 .even
                        64 boot:
                        65 		* スーパーバイザ & 各種設定を行っている最中の割込禁止
000400 46FC 2000        66 		move.w #0x2000,%SR
000404 4FF9 0000        67 		lea.l SYS_STK_TOP, %SP | Set SSP
       0000             67 
                        68 		****************
                        69 		** 割り込みコントローラの初期化
                        70 		****************
00040a 13FC 0040        71 		move.b #0x40, IVR      | ユーザ割り込みベクタ番号を
       00FF F300        71 
                        72 		                       | 0x40+level に設定.
000412 23FC 00FF        73 		move.l #0x00ff3ff9,IMR | 全割り込みマスクMUART=>0,MTMR1=>1
       3FF9 00FF        73 
       F304             73 
                        74 		****************
                        75 		** 送受信 (UART1) 関係の初期化 ( 割り込みレベルは 4 に固定されている )
                        76 		****************
00041c 21FC 0000        77 		move.l #UART1_interrupt, 0x110  | 受信割り込みベクタをセット
       0000 0110        77 
000424 33FC 0000        78 		move.w #0x0000, USTCNT1 | リセット
       00FF F900        78 
00042c 33FC E108        79 		move.w #0xe108, USTCNT1 | 送受信可能 , パリティなし , 1 stop, 8 bit,
       00FF F900        79 
                        80 					| 受信割り込み許可, 送信割り込み禁止
000434 33FC 0038        81 		move.w #0x0038, UBAUD1  | baud rate = 230400 bps
       00FF F902        81 
                        82 		****************
                        83 		** タイマ関係の初期化 ( 割り込みレベルは 6 に固定されている )
                        84 		*****************
00043c 33FC 0004        85 		move.w #0x0004, TCTL1   | restart, 割り込み不可 ,
       00FF F600        85 
                        86 					| システムクロックの 1/16 を単位として計時,
                        87 					| タイマ使用停止
000444 21FC 0000        88 		move.l #COMPARE_INTERPUT, 0x118 /* level 6 */
       0000 0118        88 
                        89 
00044c 21FC 0000        90                 move.l #SYS_CALL, 0x080 /*SYS_CALLの割り込みベクタ設定*/
       0000 0080        90 
                        91 		******************************
                        92 		** キューの初期化
                        93 		******************************
000454 45F9 0000        94 		lea.l  top0, %a2
       0000             94 
00045a 47F9 0000        95 		lea.l  top1, %a3
       0000             95 
000460 23CA 0000        96 		move.l %a2, out0
       0000             96 
000466 23CB 0000        97 		move.l %a3, out1
       0000             97 
00046c 23CA 0000        98 		move.l %a2, in0
       0000             98 
000472 23CB 0000        99 		move.l %a3, in1
       0000             99 
000478 23FC 0000       100 		move.l #0, s0
       0000 0000       100 
       0000            100 
000482 23FC 0000       101 		move.l #0, s1
       0000 0000       101 
       0000            101 
                       102 	
00048c 6000 0002       103 		bra MAIN
                       104 	
                       105 ****************************************************************
                       106 ***プログラム領域
                       107 ****************************************************************
                       108 MAIN:
                       109 		**走行モードとレベルの設定(「ユーザモード」への移行処理)
000490 46FC 0000       110 		move.w #0x0000, %SR    | USER MODE, LEVEL 0
000494 4FF9 0000       111 		lea.l  USR_STK_TOP,%SP | user stackの設定
       0000            111 
                       112 		**システムコールによるRESET_TIMERの起動
00049a 7003            113 		move.l #SYSCALL_NUM_RESET_TIMER, %D0
00049c 4E40            114 		trap   #0
                       115 		**システムコールによるSET_TIMERの起動
00049e 7004            116 		move.l #SYSCALL_NUM_SET_TIMER, %D0
0004a0 323C C350       117 		move.w #50000, %D1
0004a4 243C 0000       118 		move.l #TT,    %D2
       0000            118 
0004aa 4E40            119 		trap   #0
                       120 		
                       121 ******************************
                       122 * sys_GETSTRING, sys_PUTSTRINGのテスト
                       123 *ターミナルの入力をエコーバックする
                       124 ******************************
                       125 LOOP:
                       126 /* ------------- 空ループ-------------- */
0004ac 7C00            127 		move.l #0, %d6
                       128 CNT_LOOP:
0004ae 0C86 0000       129 		cmpi.l #500, %d6
       01F4            129 
0004b4 6700 000C       130 		beq    END_CNT
0004b8 0686 0000       131 		addi.l #1, %d6
       0001            131 
0004be 6000 FFEE       132 		bra    CNT_LOOP
                       133 END_CNT:
                       134 /* ------------------------------------ */
0004c2 7001            135 		move.l #SYSCALL_NUM_GETSTRING, %D0
0004c4 7200            136 		move.l #0,   %D1        | ch   = 0
0004c6 243C 0000       137 		move.l #BUF, %D2        | p    = #BUF
       0000            137 
0004cc 263C 0000       138 		move.l #256, %D3        | size = 256
       0100            138 
0004d2 4E40            139 		trap   #0
0004d4 2600            140 		move.l %D0, %D3         | size = %D0 (length of given string)
0004d6 7002            141 		move.l #SYSCALL_NUM_PUTSTRING, %D0
0004d8 7200            142 		move.l #0,  %D1         | ch = 0
0004da 243C 0000       143 		move.l #BUF,%D2         | p  = #BUF
       0000            143 
0004e0 4E40            144 		trap   #0
0004e2 6000 FFC8       145 		bra    LOOP
                       146 		
                       147 ******************************
                       148 *タイマのテスト
                       149 * ’******’を表示し改行する．
                       150 *５回実行すると，RESET_TIMERをする．
                       151 ******************************
                       152 TT:
0004e6 48E7 FFFE       153 		movem.l %D0-%D7/%A0-%A6,-(%SP)
0004ea 0C79 0005       154 		cmpi.w #5,TTC            | TTCカウンタで5回実行したかどうか数える
       0000 0000       154 
0004f2 6700 001C       155 		beq    TTKILL            | 5回実行したら，タイマを止める
0004f6 7002            156 		move.l #SYSCALL_NUM_PUTSTRING,%D0
0004f8 7200            157 		move.l #0,    %D1        | ch = 0
0004fa 243C 0000       158 		move.l #TMSG, %D2        | p  = #TMSG
       0000            158 
000500 7608            159 		move.l #8,    %D3        | size = 8
000502 4E40            160 		trap   #0
000504 0679 0001       161 		addi.w #1,TTC            | TTCカウンタを1つ増やして
       0000 0000       161 
00050c 6000 0006       162 		bra    TTEND             |そのまま戻る
                       163 TTKILL:
000510 7003            164 		move.l #SYSCALL_NUM_RESET_TIMER,%D0
000512 4E40            165 		trap   #0
                       166 TTEND:
000514 4CDF 7FFF       167 		movem.l (%SP)+,%D0-%D7/%A0-%A6
000518 4E75            168 		rts
                       169 
                       170 ******************************
                       171 ** COMPARE_INTERPUT:	タイマ用のハードウェア割り込みインターフェース
                       172 ******************************
                       173 COMPARE_INTERPUT:
00051a 48E7 8000       174 		movem.l %d0, -(%sp) /* d0退避 */
00051e 3039 00FF       175 		move.w  TSTAT1, %d0 /* TSTATの値をd0へ */
       F60A            175 
000524 0800 0000       176 		btst	#0, %d0 /* タイマ1ステータスレジスタの0ビット目が0か、否か */
000528 6700 000E       177 		beq	COMPARE_END /* 0ならコンペアイベントなし、つまりカウンタ値とコンペ
00052c 33FC 0000       178 		move.w	#0x0000, TSTAT1 /* タイマ1ステータスレジスタを0クリア */
       00FF F60A       178 
000534 4EBA 029C       179 		jsr	CALL_RP /* CALL_RPを呼び出す */
                       180 
                       181 COMPARE_END:
000538 4CDF 0001       182 		movem.l (%sp)+, %d0 /* d0復帰 */
00053c 4E73            183 		rte
                       184 
                       185 *************************************
                       186 ** UART1_interrupt
                       187 ** 送受信割り込みを扱うインターフェース
                       188 *************************************
                       189 /* btst : 指定データの指定ビットが0であるか判断し、0であればCCRのZをセ
                       190 UART1_interrupt:
00053e 48E7 7000       191 		movem.l %d1-%d3, -(%SP)
                       192 		/* 受信FIFOが空でないとき(URX[13]==1)受信割り込みであると判断 */
                       193 		/* URX[13] ->  0: 受信FIFOが空, 1: 受信FIFOが空でない */
000542 3639 00FF       194 		move.w URX1, %d3
       F904            194 
000548 1403            195 		move.b %d3, %d2       |  %d3.wの下位8bitを%d2.bにコピー
00054a 0803 000D       196 		btst.l #13, %d3       |  13ビット目は受信FIFOにデータが存在するか
00054e 6700 000C       197 		beq    CALL_INTERPUT  |  if URX1[13] == 0 (受信FIFOが空のとき)
000552 7200            198 		move.l #0, %d1        |  ch = 0 を明示
000554 4EBA 001E       199 		jsr    INTERGET       |  受信割り込み時処理
000558 6000 0014       200 		bra    END_interrupt
                       201 CALL_INTERPUT:
                       202 		/* 送信FIFOがに空のとき(UTX[15]==1)送信割り込みであると判断 */
                       203 		/* UTX[15] ->  0: 送信FIFOが空でない, 1: 送信FIFOが空 */
00055c 0839 000F       204 		btst.l #15, UTX1      |  15ビット目は送信FIFOが空であるか
       00FF F906       204 
000564 6700 0008       205 		beq    END_interrupt  |  if UTX1[15] == 0 (送信FIFOが空でないとき終了)
000568 7200            206 		move.l #0, %d1        |  ch = 0 を明示
00056a 4EBA 001E       207 		jsr    INTERPUT       |  送信割り込み時処理
                       208 END_interrupt:
00056e 4CDF 000E       209 		movem.l (%SP)+, %d1-%d3
000572 4E73            210 		rte
                       211 
                       212 *************************************
                       213 ** INTERGET  受信割り込みルーチン	
                       214 ** 引数     :  %d1.l = チャネル(ch)	
                       215 **             %d2.b = 受信データdata
                       216 **戻り値　なし		
                       217 *************************************
                       218 INTERGET:
000574 2F00            219 		move.l %d0, -(%SP)
000576 0C41 0000       220 		cmp    #0, %d1       | ch = 0 であるか確認
00057a 6600 000A       221 		bne    END_INTERGET
00057e 7000            222 		move.l #0, %d0       | %d0 = 受信キュー
000580 1202            223 		move.b %d2, %d1      | %d1 = 受信したデータ
000582 4EBA 003E       224 		jsr    IN_Q          | %d0 <= 成功したか否か
                       225 END_INTERGET:
000586 201F            226 		move.l (%SP)+, %d0
000588 4E75            227 		rts
                       228 
                       229 *************************************
                       230 ** INTERPUT :  送信割り込み時の処理	
                       231 ** 引数     :  %d1.l = チャネル(ch)	
                       232 *************************************
                       233 INTERPUT:
00058a 2F01            234 		move.l  %d1, -(%SP)
00058c 46FC 2700       235 		move.w  #0x2700, %SR | 走行レベルを７に設定
000590 0C81 0000       236 		cmpi.l  #0, %d1      | ch = 0 を確認
       0000            236 
000596 6600 0026       237 		bne     END_INTERPUT | if ch != 0 => 復帰
00059a 7001            238                 move.l  #1, %d0
00059c 4EBA 00D0       239 		jsr     OUT_Q        | %d1.b = data
0005a0 0C40 0000       240 		cmpi    #0, %d0      | %d0(OUTQの戻り値) == 0(失敗)
0005a4 6600 000E       241 		bne     TX_DATA      | if so => 送信割り込みをマスク(真下)
0005a8 33FC E108       242 		move.w  #0xe108, USTCNT1
       00FF F900       242 
0005b0 6000 000C       243 		bra     END_INTERPUT
                       244 TX_DATA:
0005b4 0641 0800       245 		add.w   #0x0800, %d1 | ヘッダを付与
0005b8 33C1 00FF       246 		move.w  %d1, UTX1
       F906            246 
                       247 END_INTERPUT:
0005be 221F            248 		move.l  (%SP)+, %d1
0005c0 4E75            249 		rts
                       250 
                       251 ******************************
                       252 ** INQ
                       253 **入力キュー番号,d0.l 書き込むデータ,d1.b
                       254 **出力 d0,成功1, 失敗0
                       255 ******************************
                       256 IN_Q:
0005c2 0C00 0000       257 		cmp.b   #0x00, %d0         |受信キュー、送信キューの判別
0005c6 6600 0008       258 		bne     i_loop1
0005ca 4EBA 000A       259 		jsr     INQ0
0005ce 4E75            260 		rts
                       261 i_loop1:
0005d0 4EBA 0050       262 		jsr     INQ1
0005d4 4E75            263 		rts
                       264 INQ0:
0005d6 40E7            265 		move.w  %sr, -(%sp)        |レジスタ退避
0005d8 48E7 00F8       266 		movem.l %a0-%a4,-(%sp)
0005dc 46FC 2700       267 		move.w  #0x2700, %SR       |走行レベルを7に設定
0005e0 2039 0000       268 		move.l  s0, %d0            |s=256 => %d0=0:失敗
       0000            268 
0005e6 0480 0000       269 		sub.l   #0x100, %d0
       0100            269 
0005ec 6700 002C       270 		beq     i0_Finish          |s=256 => 復帰
0005f0 2279 0000       271 		movea.l in0, %a1           |書き込み先アドレス=%a1
       0000            271 
0005f6 12C1            272 		move.b  %d1, (%a1)+        |データをキューへ入れる,書き込み先アドレスを更
0005f8 45F9 0000       273 		lea.l   bottom0, %a2       |次回書き込みアドレスa1<キューデータ領域の末尾ア
       0000            273 
0005fe B3CA            274 		cmp.l   %a2, %a1
000600 6300 000A       275 		bls     i0_STEP1
000604 47F9 0000       276 		lea.l   top0, %a3          |in=top
       0000            276 
00060a 224B            277 		move.l  %a3, %a1
                       278 i0_STEP1:
00060c 23C9 0000       279 		move.l  %a1, in0           |in更新
       0000            279 
000612 52B9 0000       280 		add.l   #1, s0             |s+1
       0000            280 
000618 7001            281 		move.l  #1, %d0            |d0=1 =>成功
                       282 i0_Finish:
00061a 4CDF 1F00       283 		movem.l (%sp)+, %a0-%a4    |レジスタ復帰
00061e 46DF            284 		move.w  (%sp)+, %sr
000620 4E75            285 		rts                        |サブルーチン復帰
                       286 INQ1:
000622 40E7            287 		move.w  %sr,-(%sp)         |レジスタ退避
000624 48E7 00F8       288 		movem.l %a0-%a4,-(%sp)
000628 46FC 2700       289 		move.w  #0x2700, %SR       |走行レベルを7に設定
00062c 2039 0000       290 		move.l  s1, %d0            |s=256 => %d0=0:失敗
       0000            290 
000632 0480 0000       291 		sub.l   #0x100, %d0
       0100            291 
000638 6700 002C       292 		beq     i1_Finish          |s=256 => 復帰
00063c 2279 0000       293 		movea.l in1, %a1           |書き込み先アドレス=%a1
       0000            293 
000642 12C1            294 		move.b  %d1, (%a1)+        |データをキューへ入れる,書き込み先アドレスを更
000644 45F9 0000       295 		lea.l   bottom1, %a2       |次回書き込みアドレスa1<キューデータ領域の末尾ア
       0000            295 
00064a B3CA            296 		cmp.l   %a2, %a1
00064c 6300 000A       297 		bls     i1_STEP1
000650 47F9 0000       298 		lea.l   top1, %a3          |in=top
       0000            298 
000656 224B            299 		move.l  %a3, %a1
                       300 i1_STEP1:
000658 23C9 0000       301 		move.l  %a1, in1           |in更新
       0000            301 
00065e 52B9 0000       302 		add.l   #1, s1             |s+1
       0000            302 
000664 7001            303 		move.l  #1, %d0            |d0=1 =>成功
                       304 i1_Finish:
000666 4CDF 1F00       305 		movem.l (%sp)+, %a0-%a4    |レジスタ復帰
00066a 46DF            306 		move.w  (%sp)+, %sr
00066c 4E75            307 		rts                        |サブルーチン復帰
                       308 ******************************
                       309 ** OUTQ
                       310 **入力:キュー番号:d0.l
                       311 **出力:d0:0失敗, d0:1成功
                       312 **取り出したデータ:d1.b
                       313 ******************************
                       314 OUT_Q:
00066e 0C00 0000       315 		cmp.b #0x00, %d0                |受信キュー、送信キューの判別
000672 6600 0008       316 		bne o_loop1
000676 4EBA 000A       317 		jsr OUTQ0
00067a 4E75            318 		rts
                       319 o_loop1:
00067c 4EBA 0050       320 		jsr OUTQ1
000680 4E75            321 		rts
                       322 OUTQ0:
000682 40E7            323 		move.w %sr,-(%sp)               |レジスタ退避
000684 48E7 00F8       324 		movem.l %a0-%a4,-(%sp)
000688 46FC 2700       325 		move.w  #0x2700, %SR            |走行レベルを7に設定
00068c 2039 0000       326 		move.l  s0, %d0                 |s=0 => %d0=0:失敗
       0000            326 
000692 0C80 0000       327 		cmp.l  #0x00, %d0
       0000            327 
000698 6700 002C       328 		beq     o0_Finish               |s=0 => 復帰
00069c 2279 0000       329 		movea.l out0, %a1               |取り出し先アドレス=%a1
       0000            329 
0006a2 1219            330 		move.b  (%a1)+, %d1             |キューからデータを取り出し(%d1),取り出し先ア
0006a4 45F9 0000       331 		lea.l bottom0, %a2              |次回取り出すアドレスa1<キューデータ領域の末
       0000            331 
0006aa B3CA            332 		cmp.l  %a2, %a1
0006ac 6300 000A       333 		bls     o0_STEP1
0006b0 47F9 0000       334 		lea.l top0, %a3                 |out=top
       0000            334 
0006b6 224B            335 		move.l  %a3, %a1
                       336 o0_STEP1:
0006b8 23C9 0000       337 		move.l %a1, out0                |out更新
       0000            337 
0006be 53B9 0000       338 		sub.l #1, s0                    |s--
       0000            338 
0006c4 7001            339 		move.l  #1, %d0                 |d0=1 =>成功
                       340 o0_Finish:
0006c6 4CDF 1F00       341 		movem.l (%sp)+, %a0-%a4         |レジスタ復帰
0006ca 46DF            342 		move.w (%sp)+, %sr
0006cc 4E75            343 		rts                             |サブルーチン復帰
                       344 OUTQ1:
0006ce 40E7            345 		move.w %sr,-(%sp)
0006d0 48E7 00F8       346 		movem.l %a0-%a4,-(%sp)          |レジスタ退避
0006d4 46FC 2700       347 		move.w  #0x2700, %SR            |走行レベルを7に設定
0006d8 2039 0000       348 		move.l  s1, %d0                 |s=0 => %d0=0:失敗
       0000            348 
0006de 0C80 0000       349 		cmp.l #0x00, %d0
       0000            349 
0006e4 6700 002C       350 		beq     o1_Finish               |s=0 => 復帰
0006e8 2279 0000       351 		movea.l out1, %a1               |取り出し先アドレス=%a1
       0000            351 
0006ee 1219            352 		move.b  (%a1)+, %d1             |キューからデータを取り出し(%d1),取り出し先ア
0006f0 45F9 0000       353 		lea.l bottom1, %a2              |次回取り出すアドレスa1<キューデータ領域の末
       0000            353 
0006f6 B3CA            354 		cmp.l  %a2, %a1
0006f8 6300 000A       355 		bls     o1_STEP1
0006fc 47F9 0000       356 		lea.l top1, %a3                 |out=top
       0000            356 
000702 224B            357 		move.l  %a3, %a1
                       358 o1_STEP1:
000704 23C9 0000       359 		move.l %a1, out1                |out更新
       0000            359 
00070a 53B9 0000       360 		sub.l #1, s1                    |s--
       0000            360 
000710 7001            361 		move.l  #1, %d0                 |d0=1 =>成功
                       362 o1_Finish:
000712 4CDF 1F00       363 		movem.l (%sp)+, %a0-%a4         |レジスタ復帰
000716 46DF            364 		move.w (%sp)+, %sr
000718 4E75            365 		rts                             |サブルーチン復帰
                       366 
                       367 *************************************
                       368 ** PUTSTRING  送信割り込みの処理	
                       369 ** 引数     :  %d1.l = チャネル(ch)	
                       370 **             %d2.l = データ読み込み先の先頭アドレスp いったんa6にさせて
                       371 **             %d3.l = 送信するデータ数size
                       372 ** 出力     :  %d0.l = 取り出した要素数
                       373 *************************************
                       374 PUTSTRING:
00071a 0C41 0000       375 		cmp    #0, %d1         | ch = 0 であるか確認
00071e 6600 003A       376 		bne    END_PUTSTRING   | そうでなければ復帰
000722 383C 0000       377 		move.w #0, %d4         | sz = 0 (取った要素数)
000726 2A42            378 		move.l  %d2, %a5       | i  = %d2 = 読み込み先 address
000728 0C43 0000       379 		cmp    #0, %d3         | 取り出すべきサイズが０であるか確認
00072c 6700 002A       380 		beq    END2_PUTSTRING  | 0であれば復帰
                       381 LOOP1_PUTSTRING:
000730 B644            382 		cmp    %d4, %d3        | 取るべき要素数と取った要素数を比較
000732 6700 001C       383 		beq    END3_PUTSTRING  | 同等であれば復帰
000736 103C 0001       384 		move.b #1, %d0         | %d0 = 1 (キューの番号：送信キュー)
00073a 1215            385 		move.b (%a5), %d1      | %d1 = 読み込んだ値
00073c 4EBA FE84       386 		jsr    IN_Q
000740 0C40 0000       387 		cmp    #0, %d0         | IN_Qの復帰値が成功（１）であるか確認
000744 6700 000A       388                 beq    END3_PUTSTRING  | 失敗ならば復帰
000748 5244            389 		add    #1, %d4         | sz ++ 
00074a 524D            390 		add    #1, %a5         | i  ++ 
00074c 6000 FFE2       391 		bra    LOOP1_PUTSTRING 
                       392 END3_PUTSTRING:
                       393                 
000750 33FC E10C       394 		move.w #0xe10c, USTCNT1 | 送信割り込みを許可（アンマスク）
       00FF F900       394 
                       395 END2_PUTSTRING:
000758 3004            396 		move   %d4, %d0         | 返り値　%d0 = sz (取った要素数)
                       397 END_PUTSTRING:
00075a 4E75            398 		rts
                       399 
                       400 
                       401 		
                       402 *************************************
                       403 ** GETSTRING  受信割り込みの処理	
                       404 ** 引数     :  %d1.l = チャネル(ch)
                       405 ** 	       %d2.l = データ書き込み先の先頭アドレスp
                       406 **             %d3.l = 取り出すデータ数size
                       407 ** 出力     :　%d0.l = 実際に取り出したデータ数		
                       408 *************************************
                       409 GETSTRING:
00075c 0C41 0000       410 		cmp    #0, %d1           | ch = 0 であるか確認
000760 6600 0026       411 		bne    END_GETSTRING     | そうでなければ復帰
000764 383C 0000       412 		move.w #0, %d4           | sz = 0 (取った要素数)
000768 2A42            413 		move.l %d2, %a5          | i  = %d2 = 書き込み先 address
                       414 LOOP1_GETSTRING:	
00076a B644            415 		cmp    %d4, %d3          | 取るべき要素数と取り出した要素数を比較
00076c 6700 0018       416 		beq    END2_GETSTRING    | 同等であれば復帰
000770 7000            417 		move.l #0, %d0           | %d0 = 0 (キューの番号：受信キュー)
000772 4EBA FEFA       418 		jsr    OUT_Q             | OUT_Q ==> %d0: success?, %d1: 取り出したデータ
000776 0C40 0000       419 		cmp    #0, %d0           | OUT_Qの復帰値が成功(1)であるか確認 
00077a 6700 000A       420 		beq    END2_GETSTRING    | 失敗ならば復帰
00077e 1AC1            421 		move.b %d1, (%a5)+       | 書き込み先にデータを書き込み
000780 5244            422 		add    #1, %d4           | sz ++
000782 6000 FFE6       423 		bra    LOOP1_GETSTRING
                       424 END2_GETSTRING:
000786 3004            425 		move   %d4, %d0          | 返り値 %d0 = sz (実際に取り出したデータ数)
                       426 END_GETSTRING:
000788 4E75            427 		rts
                       428 
                       429 ******************************
                       430 ** RESET_TIMER():	タイマ割り込み→不可、タイマ→停止
                       431 ******************************
                       432 RESET_TIMER:
00078a 33FC 0004       433 		move.w	#0x0004, TCTL1 /* タイマ1コントロールレジスタに0x0004を設定→割り込
       00FF F600       433 
000792 4E75            434 		rts
                       435 		
                       436 ******************************
                       437 ** SET_TIMER(t,p):	タイマ割り込み時に呼び出すルーチン設定 
                       438 **			タイマ割り込み周期tを設定（t * 0.1 msec毎に割り込み発生）
                       439 **			タイマ使用およびタイマ割り込み	
                       440 ** 引数 :		t→%d1.w:	タイマの発生周期
                       441 ** 			p→%d2.l	割り込み時に起動するルーチンの先頭アドレス			
                       442 ******************************
                       443 SET_TIMER:
000794 23C2 0000       444 		move.l	%d2, task_p /* 割り込み時に起動するルーチンの先頭アドレスpを大域
       0000            444 
00079a 33FC 0086       445 		move.w	#0206, TPRER1 /* 0.1msec進むとカウンタが1増えるようにする */
       00FF F602       445 
0007a2 33C1 00FF       446 		move.w	%d1, TCMP1 /* t秒周期に設定 */
       F604            446 
0007a8 33FC 0015       447 		move.w  #0x0015, TCTL1 /* タイマ1コントロールレジスタに0x0015を設定→割り込
       00FF F600       447 
0007b0 13FC 0074       448 		move.b	#'t', LED7
       00D0 002F       448 
0007b8 13FC 0065       449 		move.b	#'e', LED6
       00D0 002D       449 
0007c0 13FC 0073       450 		move.b	#'s', LED5
       00D0 002B       450 
0007c8 13FC 0074       451 		move.b	#'t', LED4	
       00D0 0029       451 
0007d0 4E75            452 		rts
                       453 
                       454 ******************************
                       455 ** CALL_RP():	タイマ割り込み時に処理すべきルーチン呼び出し
                       456 ******************************
                       457 CALL_RP:
0007d2 48E7 0080       458 		movem.l	%a0, -(%sp)
0007d6 2079 0000       459 		movea.l task_p, %a0
       0000            459 
0007dc 4E90            460 		jsr (%a0)
0007de 4CDF 0100       461 		movem.l (%sp)+, %a0
0007e2 4E75            462 		rts
                       463 
                       464 *******************************************
                       465 ** システムコールインターフェース
                       466 ** 入力：
                       467 **　　　　システムコール番号   : %d0.l
                       468 **　　　　システムコールの引数 : %d1以降
                       469 ** 出力：
                       470 **　　　　システムコール呼び出しの結果 : %d0.l
                       471 ** ========================================		
                       472 **        +---+---------------+
                       473 **        | 1 | GETSTRING     |
                       474 **        | 2 | PUTSTRING     |
                       475 **        | 3 | RESET_TIMER   |
                       476 **        | 4 | SET_TIMER     |
                       477 **        +---+---------------+
                       478 *******************************************
                       479 SYS_CALL:
                       480 		
                       481 CALL_1:		
0007e4 0C80 0000       482 		cmpi.l #1, %d0   | コール番号の確認(no.1)
       0001            482 
0007ea 6600 000A       483 		bne    CALL_2    | 異なれば他のコール番号の確認
0007ee 4EBA FF6C       484 		jsr    GETSTRING | 対応するシステムコールを呼び出し
0007f2 6000 0034       485                 bra    END_SYS_CALL
                       486 CALL_2:
0007f6 0C80 0000       487 		cmpi.l #2, %d0
       0002            487 
0007fc 6600 000A       488 		bne    CALL_3
000800 4EBA FF18       489 		jsr    PUTSTRING
000804 6000 0022       490                 bra    END_SYS_CALL
                       491 CALL_3:
000808 0C80 0000       492 		cmpi.l #3, %d0
       0003            492 
00080e 6600 000A       493 		bne    CALL_4
000812 4EBA FF76       494 		jsr    RESET_TIMER
000816 6000 0010       495                 bra    END_SYS_CALL
                       496 CALL_4:
00081a 0C80 0000       497 		cmpi.l #4, %d0
       0004            497 
000820 6600 0006       498 		bne    END_SYS_CALL
000824 4EBA FF6E       499 		jsr    SET_TIMER
                       500 END_SYS_CALL:	
000828 4E73            501 		rte		
                       502 ***************************************************************
                       503 ** スタック領域の確保
                       504 ***************************************************************
                       505 .section .bss
                       506 .even
                       507 SYS_STK:
000a50 0000 0000       508 		.ds.b  0x4000 | システムスタック領域
       0000 0000       508 
       0000 0000       508 
       0000 0000       508 
       0000 0000       508 
                       509 		.even
                       510 SYS_STK_TOP: 		      | システムスタック領域の最後尾
                       511 
004a50 0000 0000       512 task_p:		.ds.l 1	      | タイマ割り込み時に起動するルーチン先頭アドレス代
                       513 ****************************************************************
                       514 ***初期値のあるデータ領域***************************************************************
                       515 .section .data
                       516 TMSG:
00082c 2A2A 2A2A       517 		.ascii  "******\r\n"      | \r:行頭へ(キャリッジリターン)
       2A2A 0D0A       517 
                       518 		.even                     | \n:次の行へ(ラインフィード)
                       519 TTC:
000834 0000            520 		.dc.w  0
                       521 		.even
                       522 
                       523 ****************************************************************
                       524 ***初期値の無いデータ領域***************************************************************
                       525 .section .bss
                       526 BUF:
004a54 0000 0000       527 		.ds.b 256      |BUF[256]
       0000 0000       527 
       0000 0000       527 
       0000 0000       527 
       0000 0000       527 
                       528 		.even
                       529 USR_STK:
004b54 0000 0000       530 		.ds.b 0x4000   |ユーザスタック領域
       0000 0000       530 
       0000 0000       530 
       0000 0000       530 
       0000 0000       530 
                       531 		.even
                       532 USR_STK_TOP:                   |ユーザスタック領域の最後尾		
                       533 
                       534 
                       535 ******************************
                       536 ** キュー用のメモリ領域確保
                       537 ******************************
                       538 .section .data
                       539 		.equ  B_SIZE, 256
                       540 top0:
000836 0000 0000       541 		.ds.b B_SIZE-1
       0000 0000       541 
       0000 0000       541 
       0000 0000       541 
       0000 0000       541 
                       542 bottom0:
000935 00              543 		.ds.b 1
                       544 top1:
000936 0000 0000       545 		.ds.b B_SIZE-1
       0000 0000       545 
       0000 0000       545 
       0000 0000       545 
       0000 0000       545 
                       546 bottom1:
000a35 00              547 		.ds.b 1
                       548 out0:
000a36 0000 0000       549 		.ds.l 1
                       550 out1:
000a3a 0000 0000       551 		.ds.l 1
                       552 in0:
000a3e 0000 0000       553 		.ds.l 1
                       554 in1:
000a42 0000 0000       555 		.ds.l 1
                       556 s0:
000a46 0000 0000       557 		.ds.l 1
                       558 s1:
000a4a 0000 0000       559 		.ds.l 1
                       560 
                       561 .end
