                         4 .list
                         5 **
                         6 ** Selection Sort
                         7 ** ex2.s
                         8 **
                         9 
                        10 .section .text
                        11 ** Main Routine
                        12 start:
000400 43F9 0000        13 	lea.l  DATA,%a1   /* a1はソートするデータの先頭を指す*/
       0000             13 
000406 4EBA 0006        14 	jsr    SELECTION  /* 選択ソートのサブルーチンに分岐*/
00040a 4E72 2700        15 	stop   #0x2700    /* 終了*/
                        16 
                        17 ** Sub Routine
                        18 SELECTION:
00040e 48E7 E070        19 	movem.l  %d0-%d2/%a1-%a3,-(%a7)  /* レジスタの退避*/
000412 7007             20 	moveq.l  #LENGTH,%d0
000414 5340             21 	subq.w   #1,%d0   /* d0は外側のループの繰返回数= LENGTH -1 */
                        22 LOOP2:
000416 3649             23 	move.w   %a1,%a3   /* a3は最小値のデータの場所を表す*/
000418 3413             24 	move.w   (%a3),%d2 /* d2は最小値のデータを表す*/
00041a 3449             25 	move.w   %a1,%a2
00041c D4FC 0002        26 	adda.w   #2,%a2
000420 3200             27 	move.w   %d0,%d1   /* d1 = d0 */
                        28 LOOP1:
000422 B452             29 	cmp.w    (%a2),%d2
000424 6500 0006        30 	bcs      LABEL1
000428 364A             31 	move.w   %a2,%a3
00042a 3413             32 	move.w   (%a3),%d2
                        33 LABEL1:
00042c D4FC 0002        34 	adda.w   #2,%a2  /* a2 <-a2 + 2 */
000430 5341             35 	subq.w   #1,%d1  /* d1 <-d1 -1 */
000432 6600 FFEE        36 	bne      LOOP1   /* 内側のループの終了判定*/
                        37 
000436 3691             38 	move.w   (%a1),(%a3) /* swap(a1,a3) */
000438 3282             39 	move.w   %d2,(%a1)
                        40 	
00043a D2FC 0002        41 	adda.w   #2,%a1
00043e 5340             42 	subq.w   #1,%d0
000440 6600 FFD4        43 	bne      LOOP2   /* 外側のループの終了判定*/
000444 4CDF 0E07        44 	movem.l  (%a7)+,%d0-%d2/%a1-%a3  /* レジスタの回復*/
000448 4E75             45 	rts
                        46 
                        47 ** Data Area
                        48 .section .data
                        49 	 .equ   LENGTH, 7
00044c 0009 0005        50 	DATA:  .dc.w  9,5,3,7,6,4,8
       0003 0007        50 
       0006 0004        50 
       0008             50 
                        51 .end
